<?xml version="1.0" encoding="UTF-8"?>
<!-- Generated by org.testng.reporters.JUnitReportReporter -->
<testsuite hostname="DESKTOP-C6SQIIN" failures="0" tests="1" name="test.AddCustomerTest" time="15.374" errors="0" timestamp="20 Mar 2022 03:46:22 GMT" skipped="0">
  <testcase classname="test.AddCustomerTest" name="validUserShouldBeAbleToCreateCustomer" time="15.374"/>
</testsuite> <!-- test.AddCustomerTest -->
